<?xml version="1.0" encoding="UTF-8"?>
<!-- Generated by org.testng.reporters.JUnitReportReporter -->
<testsuite hostname="LAPTOP-5QSCO3NB" failures="0" tests="2" name="demo.testpages.SearchTest" time="26.611" errors="0" timestamp="2023-10-14T12:08:24 IST" skipped="0">
  <testcase classname="demo.testpages.SearchTest" name="ValidatePagetitle" time="13.526"/>
  <testcase classname="demo.testpages.SearchTest" name="ActionClick" time="13.085"/>
</testsuite> <!-- demo.testpages.SearchTest -->
